[debug] [2024-01-24T07:34:26.257Z] ----------------------------------------------------------------------
[debug] [2024-01-24T07:34:26.262Z] Command:       C:\Program Files\nodejs\node.exe C:\Users\Wonders\AppData\Roaming\npm\node_modules\firebase-tools\lib\bin\firebase.js deploy
[debug] [2024-01-24T07:34:26.263Z] CLI Version:   13.0.3
[debug] [2024-01-24T07:34:26.263Z] Platform:      win32
[debug] [2024-01-24T07:34:26.264Z] Node Version:  v18.16.0
[debug] [2024-01-24T07:34:26.266Z] Time:          Wed Jan 24 2024 08:34:26 GMT+0100 (West Africa Standard Time)
[debug] [2024-01-24T07:34:26.267Z] ----------------------------------------------------------------------
[debug] 
[debug] [2024-01-24T07:34:26.416Z] > command requires scopes: ["email","openid","https://www.googleapis.com/auth/cloudplatformprojects.readonly","https://www.googleapis.com/auth/firebase","https://www.googleapis.com/auth/cloud-platform"]
[debug] [2024-01-24T07:34:26.416Z] > authorizing via signed-in user (nathanunleashedme@gmail.com)
[debug] [2024-01-24T07:34:26.417Z] [iam] checking project newsletter-44b74 for permissions ["cloudfunctions.functions.create","cloudfunctions.functions.delete","cloudfunctions.functions.get","cloudfunctions.functions.list","cloudfunctions.functions.update","cloudfunctions.operations.get","firebase.projects.get","firebasehosting.sites.update"]
[debug] [2024-01-24T07:34:26.420Z] >>> [apiv2][query] POST https://cloudresourcemanager.googleapis.com/v1/projects/newsletter-44b74:testIamPermissions [none]
[debug] [2024-01-24T07:34:26.420Z] >>> [apiv2][(partial)header] POST https://cloudresourcemanager.googleapis.com/v1/projects/newsletter-44b74:testIamPermissions x-goog-quota-user=projects/newsletter-44b74
[debug] [2024-01-24T07:34:26.421Z] >>> [apiv2][body] POST https://cloudresourcemanager.googleapis.com/v1/projects/newsletter-44b74:testIamPermissions {"permissions":["cloudfunctions.functions.create","cloudfunctions.functions.delete","cloudfunctions.functions.get","cloudfunctions.functions.list","cloudfunctions.functions.update","cloudfunctions.operations.get","firebase.projects.get","firebasehosting.sites.update"]}
[debug] [2024-01-24T07:34:26.494Z] *** [apiv2] error from fetch(https://cloudresourcemanager.googleapis.com/v1/projects/newsletter-44b74:testIamPermissions, {"headers":{},"method":"POST","body":"{\"permissions\":[\"cloudfunctions.functions.create\",\"cloudfunctions.functions.delete\",\"cloudfunctions.functions.get\",\"cloudfunctions.functions.list\",\"cloudfunctions.functions.update\",\"cloudfunctions.operations.get\",\"firebase.projects.get\",\"firebasehosting.sites.update\"]}"}): FetchError: request to https://cloudresourcemanager.googleapis.com/v1/projects/newsletter-44b74:testIamPermissions failed, reason: getaddrinfo ENOTFOUND cloudresourcemanager.googleapis.com
[debug] [2024-01-24T07:34:26.495Z] [iam] error while checking permissions, command may fail: FirebaseError: Failed to make request to https://cloudresourcemanager.googleapis.com/v1/projects/newsletter-44b74:testIamPermissions
[debug] [2024-01-24T07:34:26.495Z] >>> [apiv2][query] POST https://iam.googleapis.com/v1/projects/newsletter-44b74/serviceAccounts/newsletter-44b74@appspot.gserviceaccount.com:testIamPermissions [none]
[debug] [2024-01-24T07:34:26.496Z] >>> [apiv2][body] POST https://iam.googleapis.com/v1/projects/newsletter-44b74/serviceAccounts/newsletter-44b74@appspot.gserviceaccount.com:testIamPermissions {"permissions":["iam.serviceAccounts.actAs"]}
[debug] [2024-01-24T07:34:26.503Z] *** [apiv2] error from fetch(https://iam.googleapis.com/v1/projects/newsletter-44b74/serviceAccounts/newsletter-44b74@appspot.gserviceaccount.com:testIamPermissions, {"headers":{},"method":"POST","body":"{\"permissions\":[\"iam.serviceAccounts.actAs\"]}"}): FetchError: request to https://iam.googleapis.com/v1/projects/newsletter-44b74/serviceAccounts/newsletter-44b74@appspot.gserviceaccount.com:testIamPermissions failed, reason: getaddrinfo ENOTFOUND iam.googleapis.com
[debug] [2024-01-24T07:34:26.505Z] [functions] service account IAM check errored, deploy may fail: Failed to make request to https://iam.googleapis.com/v1/projects/newsletter-44b74/serviceAccounts/newsletter-44b74@appspot.gserviceaccount.com:testIamPermissions {"name":"FirebaseError","children":[],"exit":1,"message":"Failed to make request to https://iam.googleapis.com/v1/projects/newsletter-44b74/serviceAccounts/newsletter-44b74@appspot.gserviceaccount.com:testIamPermissions","original":{"message":"request to https://iam.googleapis.com/v1/projects/newsletter-44b74/serviceAccounts/newsletter-44b74@appspot.gserviceaccount.com:testIamPermissions failed, reason: getaddrinfo ENOTFOUND iam.googleapis.com","type":"system","errno":"ENOTFOUND","code":"ENOTFOUND"},"status":500}
[debug] [2024-01-24T07:34:26.508Z] >>> [apiv2][query] GET https://firebase.googleapis.com/v1beta1/projects/newsletter-44b74 [none]
[debug] [2024-01-24T07:34:26.514Z] *** [apiv2] error from fetch(https://firebase.googleapis.com/v1beta1/projects/newsletter-44b74, {"headers":{},"method":"GET","signal":{}}): FetchError: request to https://firebase.googleapis.com/v1beta1/projects/newsletter-44b74 failed, reason: getaddrinfo ENOTFOUND firebase.googleapis.com
[debug] [2024-01-24T07:34:26.514Z] Failed to make request to https://firebase.googleapis.com/v1beta1/projects/newsletter-44b74 (original: request to https://firebase.googleapis.com/v1beta1/projects/newsletter-44b74 failed, reason: getaddrinfo ENOTFOUND firebase.googleapis.com)
[debug] [2024-01-24T07:34:26.518Z] Specified "public" directory "public" does not exist; Deploy to Hosting site "" may fail or be empty.
[error] 
[error] Error: Assertion failed: resolving hosting target of a site with no site name or target name. This should have caused an error earlier
